2021-08-06 06:28:49 +0000  Initial pipeline context: <IDEDistributionProcessingPipelineContext: 0x7f89f1b5bcd0; archive(resolved)='<IDEArchive: 0x7f89eea85480>', distributionTask(resolved)='2', distributionDestination(resolved)='2', distributionMethod(resolved)='<IDEDistributionMethodiOSAppStoreDistribution: 0x7f89ef0a2320>', team(resolved)='<IDEProvisioningDisambiguatableBasicTeam: 0x7f89ed8bfaf0; teamID='T224ADQS8D', teamName='takehito soui', teamType='Individual', username='e27c4fdd5b2y7p@softbank.ne.jp', isFreeProvisioningTeam='0'>'>
	Chain (13, self inclusive):
	<IDEDistributionProcessingPipelineContext: 0x7f89f1b5bcd0; archive = '<IDEArchive: 0x7f89eea85480>', distributionMethod='<IDEDistributionMethodiOSAppStoreDistribution: 0x7f89ef0a2320>', team='<IDEProvisioningDisambiguatableBasicTeam: 0x7f89ed8bfaf0; teamID='T224ADQS8D', teamName='takehito soui', teamType='Individual', username='e27c4fdd5b2y7p@softbank.ne.jp', isFreeProvisioningTeam='0'>'>
	<IDEDistributionProcessingPipelineContext: 0x7f89f10e55d0; archive = '<IDEArchive: 0x7f89eea85480>', distributionMethod='<IDEDistributionMethodiOSAppStoreDistribution: 0x7f89ef0a2320>', team='<IDEProvisioningDisambiguatableBasicTeam: 0x7f89ed8bfaf0; teamID='T224ADQS8D', teamName='takehito soui', teamType='Individual', username='e27c4fdd5b2y7p@softbank.ne.jp', isFreeProvisioningTeam='0'>'>
	<IDEDistributionContext: 0x7f89f1c0e6e0; archive = '<IDEArchive: 0x7f89eea85480>', distributionMethod='<IDEDistributionMethodiOSAppStoreDistribution: 0x7f89ef0a2320>', team='<IDEProvisioningDisambiguatableBasicTeam: 0x7f89ed8bfaf0; teamID='T224ADQS8D', teamName='takehito soui', teamType='Individual', username='e27c4fdd5b2y7p@softbank.ne.jp', isFreeProvisioningTeam='0'>'>
	<IDEDistributionContext: 0x7f89f1b78470; archive = '<IDEArchive: 0x7f89eea85480>', distributionMethod='<IDEDistributionMethodiOSAppStoreDistribution: 0x7f89ef0a2320>', team='<IDEProvisioningDisambiguatableBasicTeam: 0x7f89ed8bfaf0; teamID='T224ADQS8D', teamName='takehito soui', teamType='Individual', username='e27c4fdd5b2y7p@softbank.ne.jp', isFreeProvisioningTeam='0'>'>
	<IDEDistributionContext: 0x7f89f1c30240; archive = '<IDEArchive: 0x7f89eea85480>', distributionMethod='<IDEDistributionMethodiOSAppStoreDistribution: 0x7f89ef0a2320>', team='<IDEProvisioningDisambiguatableBasicTeam: 0x7f89ed8bfaf0; teamID='T224ADQS8D', teamName='takehito soui', teamType='Individual', username='e27c4fdd5b2y7p@softbank.ne.jp', isFreeProvisioningTeam='0'>'>
	<IDEDistributionContext: 0x7f89f1c1c510; archive = '<IDEArchive: 0x7f89eea85480>', distributionMethod='<IDEDistributionMethodiOSAppStoreDistribution: 0x7f89ef0a2320>', team='<IDEProvisioningDisambiguatableBasicTeam: 0x7f89ed8bfaf0; teamID='T224ADQS8D', teamName='takehito soui', teamType='Individual', username='e27c4fdd5b2y7p@softbank.ne.jp', isFreeProvisioningTeam='0'>'>
	<IDEDistributionContext: 0x7f89f153f7d0; archive = '<IDEArchive: 0x7f89eea85480>', distributionMethod='<IDEDistributionMethodiOSAppStoreDistribution: 0x7f89ef0a2320>', team='<IDEProvisioningDisambiguatableBasicTeam: 0x7f89ed8bfaf0; teamID='T224ADQS8D', teamName='takehito soui', teamType='Individual', username='e27c4fdd5b2y7p@softbank.ne.jp', isFreeProvisioningTeam='0'>'>
	<IDEDistributionContext: 0x7f89f0c63820; archive = '<IDEArchive: 0x7f89eea85480>', distributionMethod='<IDEDistributionMethodiOSAppStoreDistribution: 0x7f89ef0a2320>', team='<IDEProvisioningDisambiguatableBasicTeam: 0x7f89ed8bfaf0; teamID='T224ADQS8D', teamName='takehito soui', teamType='Individual', username='e27c4fdd5b2y7p@softbank.ne.jp', isFreeProvisioningTeam='0'>'>
	<IDEDistributionContext: 0x7f89ed7b1980; archive = '<IDEArchive: 0x7f89eea85480>', distributionMethod='<IDEDistributionMethodiOSAppStoreDistribution: 0x7f89ef0a2320>', team='<IDEProvisioningDisambiguatableBasicTeam: 0x7f89ed8bfaf0; teamID='T224ADQS8D', teamName='takehito soui', teamType='Individual', username='e27c4fdd5b2y7p@softbank.ne.jp', isFreeProvisioningTeam='0'>'>
	<IDEDistributionContext: 0x7f89f0d172c0; archive = '<IDEArchive: 0x7f89eea85480>', distributionMethod='<IDEDistributionMethodiOSAppStoreDistribution: 0x7f89ef0a2320>', team='<IDEProvisioningDisambiguatableBasicTeam: 0x7f89ed8bfaf0; teamID='T224ADQS8D', teamName='takehito soui', teamType='Individual', username='e27c4fdd5b2y7p@softbank.ne.jp', isFreeProvisioningTeam='0'>'>
	<IDEDistributionContext: 0x7f89f168d170; archive = '<IDEArchive: 0x7f89eea85480>', distributionMethod='<IDEDistributionMethodiOSAppStoreDistribution: 0x7f89ef0a2320>', team='(null)'>
	<IDEDistributionContext: 0x7f89ee35e300; archive = '<IDEArchive: 0x7f89eea85480>', distributionMethod='<IDEDistributionMethodiOSAppStoreDistribution: 0x7f89ef0a2320>', team='(null)'>
	<IDEDistributionContext: 0x7f89ef62ce70; archive = '<IDEArchive: 0x7f89eea85480>', distributionMethod='(null)', team='(null)'>
</IDEDistributionProcessingPipelineContext: 0x7f89f1b5bcd0>
2021-08-06 06:28:49 +0000  Processing step: IDEDistributionCreateDestRootStep
2021-08-06 06:28:49 +0000  Processing step: IDEDistributionCopyItemStep
2021-08-06 06:28:49 +0000  Running /usr/bin/ditto '-V' '/Users/takehitosoi/Library/Developer/Xcode/Archives/2021-08-06/Example 2021-08-06 15.28.xcarchive/Products/Applications/Example.app' '/var/folders/dg/mvyxtpts4pgb5ngd80w18rth0000gn/T/XcodeDistPipeline.~~~oIhjEb/Root/Payload/Example.app'
2021-08-06 06:28:49 +0000  >>> Copying /Users/takehitosoi/Library/Developer/Xcode/Archives/2021-08-06/Example 2021-08-06 15.28.xcarchive/Products/Applications/Example.app 
2021-08-06 06:28:49 +0000  copying file ./_CodeSignature/CodeResources ... 
2021-08-06 06:28:49 +0000  2775 bytes for ./_CodeSignature/CodeResources
2021-08-06 06:28:49 +0000  copying file ./AppIcon60x60@2x.png ... 
2021-08-06 06:28:49 +0000  7650 bytes for ./AppIcon60x60@2x.png
copying file ./Example ... 
2021-08-06 06:28:49 +0000  9184288 bytes for ./Example
2021-08-06 06:28:49 +0000  copying file ./Assets.car ... 
172312 bytes for ./Assets.car
copying file ./AppIcon76x76@2x~ipad.png ... 
2021-08-06 06:28:49 +0000  9493 bytes for ./AppIcon76x76@2x~ipad.png
2021-08-06 06:28:49 +0000  copying file ./embedded.mobileprovision ... 
2021-08-06 06:28:49 +0000  12274 bytes for ./embedded.mobileprovision
copying file ./Info.plist ... 
2021-08-06 06:28:49 +0000  1486 bytes for ./Info.plist
copying file ./PkgInfo ... 
2021-08-06 06:28:49 +0000  8 bytes for ./PkgInfo
2021-08-06 06:28:49 +0000  /usr/bin/ditto exited with 0
2021-08-06 06:28:49 +0000  Processing step: IDEDistributionEmbedProfileStep
2021-08-06 06:28:49 +0000  Processing step: IDEDistributionInfoPlistStep
2021-08-06 06:28:49 +0000  Skipping step: IDEDistributionInfoPlistStep because it said so
2021-08-06 06:28:49 +0000  Processing step: IDEDistributionItemRemovalStep
2021-08-06 06:28:49 +0000  Processing step: IDEDistributionAppThinningPlistStep
2021-08-06 06:28:49 +0000  Skipping step: IDEDistributionAppThinningPlistStep because it said so
2021-08-06 06:28:49 +0000  Processing step: IDEDistributionCompileBitcodeStep
2021-08-06 06:28:49 +0000  Skipping step: IDEDistributionCompileBitcodeStep because it said so
2021-08-06 06:28:49 +0000  Processing step: IDEDistributionCodeSlimmingStep
2021-08-06 06:28:49 +0000  Running /Applications/Xcode.app/Contents/Developer/Toolchains/XcodeDefault.xctoolchain/usr/bin/bitcode_strip '/var/folders/dg/mvyxtpts4pgb5ngd80w18rth0000gn/T/XcodeDistPipeline.~~~oIhjEb/Root/Payload/Example.app/Example' '-l' '-o' '/var/folders/dg/mvyxtpts4pgb5ngd80w18rth0000gn/T/XcodeDistPipeline.~~~oIhjEb/Root/Payload/Example.app/Example'
2021-08-06 06:28:49 +0000  /Applications/Xcode.app/Contents/Developer/Toolchains/XcodeDefault.xctoolchain/usr/bin/bitcode_strip exited with 0
2021-08-06 06:28:49 +0000  Processing step: IDEDistributionCopyBCSymbolMapsStep
2021-08-06 06:28:49 +0000  Running /usr/bin/ditto '-V' '/Users/takehitosoi/Library/Developer/Xcode/Archives/2021-08-06/Example 2021-08-06 15.28.xcarchive/BCSymbolMaps/77CE1322-1644-3797-8232-3E0795836C1B.bcsymbolmap' '/var/folders/dg/mvyxtpts4pgb5ngd80w18rth0000gn/T/XcodeDistPipeline.~~~oIhjEb/Root/BCSymbolMaps/77CE1322-1644-3797-8232-3E0795836C1B.bcsymbolmap'
2021-08-06 06:28:49 +0000  >>> Copying /Users/takehitosoi/Library/Developer/Xcode/Archives/2021-08-06/Example 2021-08-06 15.28.xcarchive/BCSymbolMaps/77CE1322-1644-3797-8232-3E0795836C1B.bcsymbolmap 
2021-08-06 06:28:49 +0000  copying file ./77CE1322-1644-3797-8232-3E0795836C1B.bcsymbolmap ... 
2021-08-06 06:28:49 +0000  1349528 bytes for ./77CE1322-1644-3797-8232-3E0795836C1B.bcsymbolmap
2021-08-06 06:28:49 +0000  /usr/bin/ditto exited with 0
2021-08-06 06:28:49 +0000  Processing step: IDEDistributionSymbolsStep
2021-08-06 06:28:49 +0000  Excluding symbols for Example.app
2021-08-06 06:28:49 +0000  Processing step: IDEDistributionCopyAppleProvidedContentStep
2021-08-06 06:28:49 +0000  Processing step: IDEDistributionAppThinningStep
2021-08-06 06:28:49 +0000  Skipping step: IDEDistributionAppThinningStep because it said so
2021-08-06 06:28:49 +0000  Processing step: IDEDistributionArchThinningStep
2021-08-06 06:28:49 +0000  Running /Applications/Xcode.app/Contents/Developer/Toolchains/XcodeDefault.xctoolchain/usr/bin/lipo '/var/folders/dg/mvyxtpts4pgb5ngd80w18rth0000gn/T/XcodeDistPipeline.~~~oIhjEb/Root/Payload/Example.app/Example' '-verify_arch' 'arm64e'
2021-08-06 06:28:49 +0000  /Applications/Xcode.app/Contents/Developer/Toolchains/XcodeDefault.xctoolchain/usr/bin/lipo exited with 1
2021-08-06 06:28:49 +0000  Skipping architecture thinning for item "Example" because arch "arm64e" wasn't found
2021-08-06 06:28:49 +0000  Processing step: IDEDistributionODRStep
2021-08-06 06:28:49 +0000  Processing step: IDEDistributionStripXattrsStep
2021-08-06 06:28:49 +0000  Running /usr/bin/xattr '-crs' '/var/folders/dg/mvyxtpts4pgb5ngd80w18rth0000gn/T/XcodeDistPipeline.~~~oIhjEb/Root/Payload/Example.app'
2021-08-06 06:28:49 +0000  /usr/bin/xattr exited with 0
2021-08-06 06:28:49 +0000  Processing step: IDEDistributionCodesignStep
2021-08-06 06:28:49 +0000  Entitlements for <IDEDistributionItem: 0x7f89ef754990; bundleID='com.soi.smart.locker', path='<DVTFilePath:0x7f89ef1a7dc0:'/Users/takehitosoi/Library/Developer/Xcode/Archives/2021-08-06/Example 2021-08-06 15.28.xcarchive/Products/Applications/Example.app'>', codeSigningInfo='<_DVTCodeSigningInformation_Path: 0x7f8a0515e350; isSigned='1', isAdHocSigned='0', signingCertificate='<DVTSigningCertificate: 0x7f89ed82de90; name='Apple Development: takehito soui (4UG6ASUJQP)', hash='A0BC3ADE5FC49CF1F3A3856F7DA722F8F551B38D', serialNumber='<DVTSigningCertificateSerialNumber: 0x7f89f0d21060>', certificateKinds='(
    "1.2.840.113635.100.6.1.12",
    "1.2.840.113635.100.6.1.2"
), issueDate='2021-08-05 07:02:38 +0000''>', entitlements='{
    "application-identifier" = "T224ADQS8D.com.soi.smart.locker";
    "com.apple.developer.team-identifier" = T224ADQS8D;
    "get-task-allow" = 1;
    "keychain-access-groups" =     (
        "T224ADQS8D.com.soi.smart.locker"
    );
}', teamID='T224ADQS8D', identifier='com.soi.smart.locker', executablePath='<DVTFilePath:0x7f8a02979230:'/Users/takehitosoi/Library/Developer/Xcode/Archives/2021-08-06/Example 2021-08-06 15.28.xcarchive/Products/Applications/Example.app/Example'>', hardenedRuntime='0'>'>: {
    "application-identifier" = "T224ADQS8D.com.soi.smart.locker";
    "beta-reports-active" = 1;
    "com.apple.developer.team-identifier" = T224ADQS8D;
    "get-task-allow" = 0;
    "keychain-access-groups" =     (
        "T224ADQS8D.com.soi.smart.locker"
    );
}
2021-08-06 06:28:49 +0000  Entitlements for <IDEDistributionItem: 0x7f89ef754990; bundleID='com.soi.smart.locker', path='<DVTFilePath:0x7f89ef1a7dc0:'/Users/takehitosoi/Library/Developer/Xcode/Archives/2021-08-06/Example 2021-08-06 15.28.xcarchive/Products/Applications/Example.app'>', codeSigningInfo='<_DVTCodeSigningInformation_Path: 0x7f8a0515e350; isSigned='1', isAdHocSigned='0', signingCertificate='<DVTSigningCertificate: 0x7f8a033acf90; name='Apple Development: takehito soui (4UG6ASUJQP)', hash='A0BC3ADE5FC49CF1F3A3856F7DA722F8F551B38D', serialNumber='<DVTSigningCertificateSerialNumber: 0x7f89ef1b2850>', certificateKinds='(
    "1.2.840.113635.100.6.1.12",
    "1.2.840.113635.100.6.1.2"
), issueDate='2021-08-05 07:02:38 +0000''>', entitlements='{
    "application-identifier" = "T224ADQS8D.com.soi.smart.locker";
    "com.apple.developer.team-identifier" = T224ADQS8D;
    "get-task-allow" = 1;
    "keychain-access-groups" =     (
        "T224ADQS8D.com.soi.smart.locker"
    );
}', teamID='T224ADQS8D', identifier='com.soi.smart.locker', executablePath='<DVTFilePath:0x7f8a02979230:'/Users/takehitosoi/Library/Developer/Xcode/Archives/2021-08-06/Example 2021-08-06 15.28.xcarchive/Products/Applications/Example.app/Example'>', hardenedRuntime='0'>'> are: {
    "application-identifier" = "T224ADQS8D.com.soi.smart.locker";
    "beta-reports-active" = 1;
    "com.apple.developer.team-identifier" = T224ADQS8D;
    "get-task-allow" = 0;
    "keychain-access-groups" =     (
        "T224ADQS8D.com.soi.smart.locker"
    );
}
2021-08-06 06:28:49 +0000  Writing entitlements for <IDEDistributionItem: 0x7f89ef754990; bundleID='com.soi.smart.locker', path='<DVTFilePath:0x7f89ef1a7dc0:'/Users/takehitosoi/Library/Developer/Xcode/Archives/2021-08-06/Example 2021-08-06 15.28.xcarchive/Products/Applications/Example.app'>', codeSigningInfo='<_DVTCodeSigningInformation_Path: 0x7f8a0515e350; isSigned='1', isAdHocSigned='0', signingCertificate='<DVTSigningCertificate: 0x7f89f0f81e40; name='Apple Development: takehito soui (4UG6ASUJQP)', hash='A0BC3ADE5FC49CF1F3A3856F7DA722F8F551B38D', serialNumber='<DVTSigningCertificateSerialNumber: 0x7f89f0d7a880>', certificateKinds='(
    "1.2.840.113635.100.6.1.12",
    "1.2.840.113635.100.6.1.2"
), issueDate='2021-08-05 07:02:38 +0000''>', entitlements='{
    "application-identifier" = "T224ADQS8D.com.soi.smart.locker";
    "com.apple.developer.team-identifier" = T224ADQS8D;
    "get-task-allow" = 1;
    "keychain-access-groups" =     (
        "T224ADQS8D.com.soi.smart.locker"
    );
}', teamID='T224ADQS8D', identifier='com.soi.smart.locker', executablePath='<DVTFilePath:0x7f8a02979230:'/Users/takehitosoi/Library/Developer/Xcode/Archives/2021-08-06/Example 2021-08-06 15.28.xcarchive/Products/Applications/Example.app/Example'>', hardenedRuntime='0'>'> to: /var/folders/dg/mvyxtpts4pgb5ngd80w18rth0000gn/T/XcodeDistPipeline.~~~oIhjEb/entitlements~~~W42VYl
2021-08-06 06:28:49 +0000  Running /usr/bin/codesign '-vvv' '--force' '--sign' '1ED2DDA64D8969ED4F3425860A54402178DF919D' '--entitlements' '/var/folders/dg/mvyxtpts4pgb5ngd80w18rth0000gn/T/XcodeDistPipeline.~~~oIhjEb/entitlements~~~W42VYl' '--preserve-metadata=identifier,flags,runtime' '/var/folders/dg/mvyxtpts4pgb5ngd80w18rth0000gn/T/XcodeDistPipeline.~~~oIhjEb/Root/Payload/Example.app'
2021-08-06 06:28:49 +0000  /var/folders/dg/mvyxtpts4pgb5ngd80w18rth0000gn/T/XcodeDistPipeline.~~~oIhjEb/Root/Payload/Example.app: signed app bundle with Mach-O thin (arm64) [com.soi.smart.locker]
2021-08-06 06:28:49 +0000  /usr/bin/codesign exited with 0
2021-08-06 06:28:49 +0000  Processing step: IDEDistributionZipODRItemStep
2021-08-06 06:28:49 +0000  Skipping step: IDEDistributionZipODRItemStep because it said so
2021-08-06 06:28:49 +0000  Processing step: IDEDistributionCreateIPAStep
2021-08-06 06:28:49 +0000  Running /usr/bin/ditto '-V' '-c' '-k' '--norsrc' '/var/folders/dg/mvyxtpts4pgb5ngd80w18rth0000gn/T/XcodeDistPipeline.~~~oIhjEb/Root' '/var/folders/dg/mvyxtpts4pgb5ngd80w18rth0000gn/T/XcodeDistPipeline.~~~oIhjEb/Packages/Example.ipa'
2021-08-06 06:28:49 +0000  >>> Copying /var/folders/dg/mvyxtpts4pgb5ngd80w18rth0000gn/T/XcodeDistPipeline.~~~oIhjEb/Root 
2021-08-06 06:28:49 +0000  copying file ./BCSymbolMaps/77CE1322-1644-3797-8232-3E0795836C1B.bcsymbolmap ... 
2021-08-06 06:28:49 +0000  1349528 bytes for ./BCSymbolMaps/77CE1322-1644-3797-8232-3E0795836C1B.bcsymbolmap
2021-08-06 06:28:49 +0000  copying file ./Payload/Example.app/_CodeSignature/CodeResources ... 
2021-08-06 06:28:49 +0000  2775 bytes for ./Payload/Example.app/_CodeSignature/CodeResources
2021-08-06 06:28:49 +0000  copying file ./Payload/Example.app/AppIcon60x60@2x.png ... 
2021-08-06 06:28:49 +0000  7650 bytes for ./Payload/Example.app/AppIcon60x60@2x.png
2021-08-06 06:28:49 +0000  copying file ./Payload/Example.app/Example ... 
2021-08-06 06:28:50 +0000  7591280 bytes for ./Payload/Example.app/Example
2021-08-06 06:28:50 +0000  copying file ./Payload/Example.app/Assets.car ... 
2021-08-06 06:28:50 +0000  172312 bytes for ./Payload/Example.app/Assets.car
copying file ./Payload/Example.app/AppIcon76x76@2x~ipad.png ... 
2021-08-06 06:28:50 +0000  9493 bytes for ./Payload/Example.app/AppIcon76x76@2x~ipad.png
2021-08-06 06:28:50 +0000  copying file ./Payload/Example.app/embedded.mobileprovision ... 
2021-08-06 06:28:50 +0000  11969 bytes for ./Payload/Example.app/embedded.mobileprovision
copying file ./Payload/Example.app/Info.plist ... 
2021-08-06 06:28:50 +0000  1486 bytes for ./Payload/Example.app/Info.plist
2021-08-06 06:28:50 +0000  copying file ./Payload/Example.app/PkgInfo ... 
8 bytes for ./Payload/Example.app/PkgInfo
2021-08-06 06:28:50 +0000  /usr/bin/ditto exited with 0
2021-08-06 06:28:50 +0000  Processing step: IDEDistributionAppStoreInformationStep
2021-08-06 06:28:50 +0000  Skipping step: IDEDistributionAppStoreInformationStep because it said so
2021-08-06 06:28:50 +0000  Processing step: IDEDistributionGenerateProcessedDistributionItems
2021-08-06 06:28:50 +0000  IDEDistributionItem init <DVTFilePath:0x7f89f0e96eb0:'/var/folders/dg/mvyxtpts4pgb5ngd80w18rth0000gn/T/XcodeDistPipeline.~~~oIhjEb/Root/Payload/Example.app'>
2021-08-06 06:28:50 +0000  Processing step: IDEDistributionCreateManifestStep
2021-08-06 06:28:50 +0000  Skipping step: IDEDistributionCreateManifestStep because it said so
